Looking for a CUDA compiler failed with the following output:
CMake Error at /usr/share/cmake-3.22/Modules/CMakeDetermineCUDACompiler.cmake:179 (message):
  Failed to find nvcc.

  Compiler requires the CUDA toolkit.  Please set the CUDAToolkit_ROOT
  variable.
Call Stack (most recent call first):
  CMakeLists.txt:2 (project)


-- Configuring incomplete, errors occurred!
See also "/home/quinlan/snap/snapd-desktop-integration/14/lab_work/Build/CMakeFiles/CheckCUDA/CMakeFiles/CMakeOutput.log".
See also "/home/quinlan/snap/snapd-desktop-integration/14/lab_work/Build/CMakeFiles/CheckCUDA/CMakeFiles/CMakeError.log".

The MPI test test_mpi for C in mode normal failed to compile with the following output:
Change Dir: /home/quinlan/snap/snapd-desktop-integration/current/lab_work/Build/CMakeFiles/CMakeTmp

Run Build Command(s):/usr/bin/gmake -f Makefile cmTC_604ce/fast && /usr/bin/gmake  -f CMakeFiles/cmTC_604ce.dir/build.make CMakeFiles/cmTC_604ce.dir/build
gmake[1]: Entering directory '/home/quinlan/snap/snapd-desktop-integration/14/lab_work/Build/CMakeFiles/CMakeTmp'
Building C object CMakeFiles/cmTC_604ce.dir/test_mpi.c.o
/usr/bin/cc   -std=gnu99 -o CMakeFiles/cmTC_604ce.dir/test_mpi.c.o -c /usr/share/cmake-3.22/Modules/FindMPI/test_mpi.c
/usr/share/cmake-3.22/Modules/FindMPI/test_mpi.c:1:10: fatal error: mpi.h: No such file or directory
    1 | #include <mpi.h>
      |          ^~~~~~~
compilation terminated.
gmake[1]: *** [CMakeFiles/cmTC_604ce.dir/build.make:78: CMakeFiles/cmTC_604ce.dir/test_mpi.c.o] Error 1
gmake[1]: Leaving directory '/home/quinlan/snap/snapd-desktop-integration/14/lab_work/Build/CMakeFiles/CMakeTmp'
gmake: *** [Makefile:127: cmTC_604ce/fast] Error 2



The MPI test test_mpi for CXX in mode normal failed to compile with the following output:
Change Dir: /home/quinlan/snap/snapd-desktop-integration/current/lab_work/Build/CMakeFiles/CMakeTmp

Run Build Command(s):/usr/bin/gmake -f Makefile cmTC_34243/fast && /usr/bin/gmake  -f CMakeFiles/cmTC_34243.dir/build.make CMakeFiles/cmTC_34243.dir/build
gmake[1]: Entering directory '/home/quinlan/snap/snapd-desktop-integration/14/lab_work/Build/CMakeFiles/CMakeTmp'
Building CXX object CMakeFiles/cmTC_34243.dir/test_mpi.cpp.o
/usr/bin/c++   -std=c++11 -o CMakeFiles/cmTC_34243.dir/test_mpi.cpp.o -c /home/quinlan/snap/snapd-desktop-integration/current/lab_work/Build/CMakeFiles/FindMPI/test_mpi.cpp
/home/quinlan/snap/snapd-desktop-integration/current/lab_work/Build/CMakeFiles/FindMPI/test_mpi.cpp:1:10: fatal error: mpi.h: No such file or directory
    1 | #include <mpi.h>
      |          ^~~~~~~
compilation terminated.
gmake[1]: *** [CMakeFiles/cmTC_34243.dir/build.make:78: CMakeFiles/cmTC_34243.dir/test_mpi.cpp.o] Error 1
gmake[1]: Leaving directory '/home/quinlan/snap/snapd-desktop-integration/14/lab_work/Build/CMakeFiles/CMakeTmp'
gmake: *** [Makefile:127: cmTC_34243/fast] Error 2



The MPI test test_mpi for Fortran in mode F77_HEADER failed to compile with the following output:
Change Dir: /home/quinlan/snap/snapd-desktop-integration/current/lab_work/Build/CMakeFiles/CMakeTmp

Run Build Command(s):/usr/bin/gmake -f Makefile cmTC_6be30/fast && /usr/bin/gmake  -f CMakeFiles/cmTC_6be30.dir/build.make CMakeFiles/cmTC_6be30.dir/build
gmake[1]: Entering directory '/home/quinlan/snap/snapd-desktop-integration/14/lab_work/Build/CMakeFiles/CMakeTmp'
Building Fortran object CMakeFiles/cmTC_6be30.dir/test_mpi.f90.o
/usr/bin/f95    -c /home/quinlan/snap/snapd-desktop-integration/current/lab_work/Build/CMakeFiles/FindMPI/test_mpi.f90 -o CMakeFiles/cmTC_6be30.dir/test_mpi.f90.o
/home/quinlan/snap/snapd-desktop-integration/current/lab_work/Build/CMakeFiles/FindMPI/test_mpi.f90:3: Error: Can't open included file 'mpif.h'
gmake[1]: *** [CMakeFiles/cmTC_6be30.dir/build.make:78: CMakeFiles/cmTC_6be30.dir/test_mpi.f90.o] Error 1
gmake[1]: Leaving directory '/home/quinlan/snap/snapd-desktop-integration/14/lab_work/Build/CMakeFiles/CMakeTmp'
gmake: *** [Makefile:127: cmTC_6be30/fast] Error 2



The MPI test test_mpi for Fortran in mode F90_MODULE failed to compile with the following output:
Change Dir: /home/quinlan/snap/snapd-desktop-integration/current/lab_work/Build/CMakeFiles/CMakeTmp

Run Build Command(s):/usr/bin/gmake -f Makefile cmTC_7c8f6/fast && /usr/bin/gmake  -f CMakeFiles/cmTC_7c8f6.dir/build.make CMakeFiles/cmTC_7c8f6.dir/build
gmake[1]: Entering directory '/home/quinlan/snap/snapd-desktop-integration/14/lab_work/Build/CMakeFiles/CMakeTmp'
Building Fortran object CMakeFiles/cmTC_7c8f6.dir/test_mpi.f90.o
/usr/bin/f95    -c /home/quinlan/snap/snapd-desktop-integration/current/lab_work/Build/CMakeFiles/FindMPI/test_mpi.f90 -o CMakeFiles/cmTC_7c8f6.dir/test_mpi.f90.o
/home/quinlan/snap/snapd-desktop-integration/current/lab_work/Build/CMakeFiles/FindMPI/test_mpi.f90:2:11:

    2 |       use mpi
      |           1
Fatal Error: Cannot open module file ‘mpi.mod’ for reading at (1): No such file or directory
compilation terminated.
gmake[1]: *** [CMakeFiles/cmTC_7c8f6.dir/build.make:78: CMakeFiles/cmTC_7c8f6.dir/test_mpi.f90.o] Error 1
gmake[1]: Leaving directory '/home/quinlan/snap/snapd-desktop-integration/14/lab_work/Build/CMakeFiles/CMakeTmp'
gmake: *** [Makefile:127: cmTC_7c8f6/fast] Error 2



The MPI test test_mpi for Fortran in mode F08_MODULE failed to compile with the following output:
Change Dir: /home/quinlan/snap/snapd-desktop-integration/current/lab_work/Build/CMakeFiles/CMakeTmp

Run Build Command(s):/usr/bin/gmake -f Makefile cmTC_ea957/fast && /usr/bin/gmake  -f CMakeFiles/cmTC_ea957.dir/build.make CMakeFiles/cmTC_ea957.dir/build
gmake[1]: Entering directory '/home/quinlan/snap/snapd-desktop-integration/14/lab_work/Build/CMakeFiles/CMakeTmp'
Building Fortran object CMakeFiles/cmTC_ea957.dir/test_mpi.f90.o
/usr/bin/f95    -c /home/quinlan/snap/snapd-desktop-integration/current/lab_work/Build/CMakeFiles/FindMPI/test_mpi.f90 -o CMakeFiles/cmTC_ea957.dir/test_mpi.f90.o
/home/quinlan/snap/snapd-desktop-integration/current/lab_work/Build/CMakeFiles/FindMPI/test_mpi.f90:2:11:

    2 |       use mpi_f08
      |           1
Fatal Error: Cannot open module file ‘mpi_f08.mod’ for reading at (1): No such file or directory
compilation terminated.
gmake[1]: *** [CMakeFiles/cmTC_ea957.dir/build.make:78: CMakeFiles/cmTC_ea957.dir/test_mpi.f90.o] Error 1
gmake[1]: Leaving directory '/home/quinlan/snap/snapd-desktop-integration/14/lab_work/Build/CMakeFiles/CMakeTmp'
gmake: *** [Makefile:127: cmTC_ea957/fast] Error 2



The MPI test test_mpi for Fortran in mode F77_HEADER_NOKIND failed to compile with the following output:
Change Dir: /home/quinlan/snap/snapd-desktop-integration/current/lab_work/Build/CMakeFiles/CMakeTmp

Run Build Command(s):/usr/bin/gmake -f Makefile cmTC_33d0e/fast && /usr/bin/gmake  -f CMakeFiles/cmTC_33d0e.dir/build.make CMakeFiles/cmTC_33d0e.dir/build
gmake[1]: Entering directory '/home/quinlan/snap/snapd-desktop-integration/14/lab_work/Build/CMakeFiles/CMakeTmp'
Building Fortran object CMakeFiles/cmTC_33d0e.dir/test_mpi.f90.o
/usr/bin/f95    -c /home/quinlan/snap/snapd-desktop-integration/current/lab_work/Build/CMakeFiles/FindMPI/test_mpi.f90 -o CMakeFiles/cmTC_33d0e.dir/test_mpi.f90.o
/home/quinlan/snap/snapd-desktop-integration/current/lab_work/Build/CMakeFiles/FindMPI/test_mpi.f90:3: Error: Can't open included file 'mpif.h'
gmake[1]: *** [CMakeFiles/cmTC_33d0e.dir/build.make:78: CMakeFiles/cmTC_33d0e.dir/test_mpi.f90.o] Error 1
gmake[1]: Leaving directory '/home/quinlan/snap/snapd-desktop-integration/14/lab_work/Build/CMakeFiles/CMakeTmp'
gmake: *** [Makefile:127: cmTC_33d0e/fast] Error 2



Checking whether CXX compiler has environ in stdlib.h failed to compile with the following output:
Change Dir: /home/quinlan/snap/snapd-desktop-integration/current/lab_work/Build/thirdparty/KWSys/adios2sys/CMakeFiles/CMakeTmp

Run Build Command(s):/usr/bin/gmake -f Makefile cmTC_68f69/fast && /usr/bin/gmake  -f CMakeFiles/cmTC_68f69.dir/build.make CMakeFiles/cmTC_68f69.dir/build
gmake[1]: Entering directory '/home/quinlan/snap/snapd-desktop-integration/14/lab_work/Build/thirdparty/KWSys/adios2sys/CMakeFiles/CMakeTmp'
Building CXX object CMakeFiles/cmTC_68f69.dir/kwsysPlatformTestsCXX.cxx.o
/usr/bin/c++ -DTEST_KWSYS_CXX_HAS_ENVIRON_IN_STDLIB_H  -w  -std=c++11 -o CMakeFiles/cmTC_68f69.dir/kwsysPlatformTestsCXX.cxx.o -c /home/quinlan/snap/snapd-desktop-integration/current/lab_work/ADIOS2/thirdparty/KWSys/adios2sys/kwsysPlatformTestsCXX.cxx
/home/quinlan/snap/snapd-desktop-integration/current/lab_work/ADIOS2/thirdparty/KWSys/adios2sys/kwsysPlatformTestsCXX.cxx: In function ‘int main()’:
/home/quinlan/snap/snapd-desktop-integration/current/lab_work/ADIOS2/thirdparty/KWSys/adios2sys/kwsysPlatformTestsCXX.cxx:53:13: error: ‘environ’ was not declared in this scope; did you mean ‘union’?
   53 |   char* e = environ[0];
      |             ^~~~~~~
      |             union
gmake[1]: *** [CMakeFiles/cmTC_68f69.dir/build.make:78: CMakeFiles/cmTC_68f69.dir/kwsysPlatformTestsCXX.cxx.o] Error 1
gmake[1]: Leaving directory '/home/quinlan/snap/snapd-desktop-integration/14/lab_work/Build/thirdparty/KWSys/adios2sys/CMakeFiles/CMakeTmp'
gmake: *** [Makefile:127: cmTC_68f69/fast] Error 2



Checking whether CXX compiler struct stat has st_mtimespec member failed to compile with the following output:
Change Dir: /home/quinlan/snap/snapd-desktop-integration/current/lab_work/Build/thirdparty/KWSys/adios2sys/CMakeFiles/CMakeTmp

Run Build Command(s):/usr/bin/gmake -f Makefile cmTC_515d6/fast && /usr/bin/gmake  -f CMakeFiles/cmTC_515d6.dir/build.make CMakeFiles/cmTC_515d6.dir/build
gmake[1]: Entering directory '/home/quinlan/snap/snapd-desktop-integration/14/lab_work/Build/thirdparty/KWSys/adios2sys/CMakeFiles/CMakeTmp'
Building CXX object CMakeFiles/cmTC_515d6.dir/kwsysPlatformTestsCXX.cxx.o
/usr/bin/c++ -DTEST_KWSYS_CXX_STAT_HAS_ST_MTIMESPEC  -w  -std=c++11 -o CMakeFiles/cmTC_515d6.dir/kwsysPlatformTestsCXX.cxx.o -c /home/quinlan/snap/snapd-desktop-integration/current/lab_work/ADIOS2/thirdparty/KWSys/adios2sys/kwsysPlatformTestsCXX.cxx
/home/quinlan/snap/snapd-desktop-integration/current/lab_work/ADIOS2/thirdparty/KWSys/adios2sys/kwsysPlatformTestsCXX.cxx: In function ‘int main()’:
/home/quinlan/snap/snapd-desktop-integration/current/lab_work/ADIOS2/thirdparty/KWSys/adios2sys/kwsysPlatformTestsCXX.cxx:26:15: error: ‘struct stat’ has no member named ‘st_mtimespec’
   26 |   (void)stat1.st_mtimespec.tv_sec;
      |               ^~~~~~~~~~~~
/home/quinlan/snap/snapd-desktop-integration/current/lab_work/ADIOS2/thirdparty/KWSys/adios2sys/kwsysPlatformTestsCXX.cxx:27:15: error: ‘struct stat’ has no member named ‘st_mtimespec’
   27 |   (void)stat1.st_mtimespec.tv_nsec;
      |               ^~~~~~~~~~~~
gmake[1]: *** [CMakeFiles/cmTC_515d6.dir/build.make:78: CMakeFiles/cmTC_515d6.dir/kwsysPlatformTestsCXX.cxx.o] Error 1
gmake[1]: Leaving directory '/home/quinlan/snap/snapd-desktop-integration/14/lab_work/Build/thirdparty/KWSys/adios2sys/CMakeFiles/CMakeTmp'
gmake: *** [Makefile:127: cmTC_515d6/fast] Error 2



Determining if files windows.h exist failed with the following output:
Change Dir: /home/quinlan/snap/snapd-desktop-integration/current/lab_work/Build/CMakeFiles/CMakeTmp

Run Build Command(s):/usr/bin/gmake -f Makefile cmTC_f8a52/fast && /usr/bin/gmake  -f CMakeFiles/cmTC_f8a52.dir/build.make CMakeFiles/cmTC_f8a52.dir/build
gmake[1]: Entering directory '/home/quinlan/snap/snapd-desktop-integration/14/lab_work/Build/CMakeFiles/CMakeTmp'
Building C object CMakeFiles/cmTC_f8a52.dir/HAVE_WINDOWS_H.c.o
/usr/bin/cc   -w  -o CMakeFiles/cmTC_f8a52.dir/HAVE_WINDOWS_H.c.o -c /home/quinlan/snap/snapd-desktop-integration/current/lab_work/Build/CMakeFiles/CheckIncludeFiles/HAVE_WINDOWS_H.c
/home/quinlan/snap/snapd-desktop-integration/current/lab_work/Build/CMakeFiles/CheckIncludeFiles/HAVE_WINDOWS_H.c:2:10: fatal error: windows.h: No such file or directory
    2 | #include <windows.h>
      |          ^~~~~~~~~~~
compilation terminated.
gmake[1]: *** [CMakeFiles/cmTC_f8a52.dir/build.make:78: CMakeFiles/cmTC_f8a52.dir/HAVE_WINDOWS_H.c.o] Error 1
gmake[1]: Leaving directory '/home/quinlan/snap/snapd-desktop-integration/14/lab_work/Build/CMakeFiles/CMakeTmp'
gmake: *** [Makefile:127: cmTC_f8a52/fast] Error 2


Source:
/* */
#include <windows.h>


int main(void){return 0;}

Determining if the __clear_cache exist failed with the following output:
Change Dir: /home/quinlan/snap/snapd-desktop-integration/current/lab_work/Build/CMakeFiles/CMakeTmp

Run Build Command(s):/usr/bin/gmake -f Makefile cmTC_aa4f6/fast && /usr/bin/gmake  -f CMakeFiles/cmTC_aa4f6.dir/build.make CMakeFiles/cmTC_aa4f6.dir/build
gmake[1]: Entering directory '/home/quinlan/snap/snapd-desktop-integration/14/lab_work/Build/CMakeFiles/CMakeTmp'
Building C object CMakeFiles/cmTC_aa4f6.dir/CheckSymbolExists.c.o
/usr/bin/cc   -w  -std=gnu99 -o CMakeFiles/cmTC_aa4f6.dir/CheckSymbolExists.c.o -c /home/quinlan/snap/snapd-desktop-integration/current/lab_work/Build/CMakeFiles/CMakeTmp/CheckSymbolExists.c
/home/quinlan/snap/snapd-desktop-integration/current/lab_work/Build/CMakeFiles/CMakeTmp/CheckSymbolExists.c: In function ‘main’:
/home/quinlan/snap/snapd-desktop-integration/current/lab_work/Build/CMakeFiles/CMakeTmp/CheckSymbolExists.c:7:3: error: built-in function ‘__clear_cache’ must be directly called
    7 |   return ((int*)(&__clear_cache))[argc];
      |   ^~~~~~
gmake[1]: *** [CMakeFiles/cmTC_aa4f6.dir/build.make:78: CMakeFiles/cmTC_aa4f6.dir/CheckSymbolExists.c.o] Error 1
gmake[1]: Leaving directory '/home/quinlan/snap/snapd-desktop-integration/14/lab_work/Build/CMakeFiles/CMakeTmp'
gmake: *** [Makefile:127: cmTC_aa4f6/fast] Error 2


File /home/quinlan/snap/snapd-desktop-integration/current/lab_work/Build/CMakeFiles/CMakeTmp/CheckSymbolExists.c:
/* */

int main(int argc, char** argv)
{
  (void)argv;
#ifndef __clear_cache
  return ((int*)(&__clear_cache))[argc];
#else
  (void)argc;
  return 0;
#endif
}
Determining if the include file sockLib.h exists failed with the following output:
Change Dir: /home/quinlan/snap/snapd-desktop-integration/current/lab_work/Build/CMakeFiles/CMakeTmp

Run Build Command(s):/usr/bin/gmake -f Makefile cmTC_f22b7/fast && /usr/bin/gmake  -f CMakeFiles/cmTC_f22b7.dir/build.make CMakeFiles/cmTC_f22b7.dir/build
gmake[1]: Entering directory '/home/quinlan/snap/snapd-desktop-integration/14/lab_work/Build/CMakeFiles/CMakeTmp'
Building C object CMakeFiles/cmTC_f22b7.dir/CheckIncludeFile.c.o
/usr/bin/cc   -w  -std=gnu99 -o CMakeFiles/cmTC_f22b7.dir/CheckIncludeFile.c.o -c /home/quinlan/snap/snapd-desktop-integration/current/lab_work/Build/CMakeFiles/CMakeTmp/CheckIncludeFile.c
/home/quinlan/snap/snapd-desktop-integration/current/lab_work/Build/CMakeFiles/CMakeTmp/CheckIncludeFile.c:1:10: fatal error: sockLib.h: No such file or directory
    1 | #include <sockLib.h>
      |          ^~~~~~~~~~~
compilation terminated.
gmake[1]: *** [CMakeFiles/cmTC_f22b7.dir/build.make:78: CMakeFiles/cmTC_f22b7.dir/CheckIncludeFile.c.o] Error 1
gmake[1]: Leaving directory '/home/quinlan/snap/snapd-desktop-integration/14/lab_work/Build/CMakeFiles/CMakeTmp'
gmake: *** [Makefile:127: cmTC_f22b7/fast] Error 2



Determining if the include file winsock.h exists failed with the following output:
Change Dir: /home/quinlan/snap/snapd-desktop-integration/current/lab_work/Build/CMakeFiles/CMakeTmp

Run Build Command(s):/usr/bin/gmake -f Makefile cmTC_5dd4d/fast && /usr/bin/gmake  -f CMakeFiles/cmTC_5dd4d.dir/build.make CMakeFiles/cmTC_5dd4d.dir/build
gmake[1]: Entering directory '/home/quinlan/snap/snapd-desktop-integration/14/lab_work/Build/CMakeFiles/CMakeTmp'
Building C object CMakeFiles/cmTC_5dd4d.dir/CheckIncludeFile.c.o
/usr/bin/cc   -w  -std=gnu99 -o CMakeFiles/cmTC_5dd4d.dir/CheckIncludeFile.c.o -c /home/quinlan/snap/snapd-desktop-integration/current/lab_work/Build/CMakeFiles/CMakeTmp/CheckIncludeFile.c
/home/quinlan/snap/snapd-desktop-integration/current/lab_work/Build/CMakeFiles/CMakeTmp/CheckIncludeFile.c:1:10: fatal error: winsock.h: No such file or directory
    1 | #include <winsock.h>
      |          ^~~~~~~~~~~
compilation terminated.
gmake[1]: *** [CMakeFiles/cmTC_5dd4d.dir/build.make:78: CMakeFiles/cmTC_5dd4d.dir/CheckIncludeFile.c.o] Error 1
gmake[1]: Leaving directory '/home/quinlan/snap/snapd-desktop-integration/14/lab_work/Build/CMakeFiles/CMakeTmp'
gmake: *** [Makefile:127: cmTC_5dd4d/fast] Error 2



Performing C SOURCE FILE Test HAVE_MATH failed with the following output:
Change Dir: /home/quinlan/snap/snapd-desktop-integration/current/lab_work/Build/CMakeFiles/CMakeTmp

Run Build Command(s):/usr/bin/gmake -f Makefile cmTC_02a22/fast && /usr/bin/gmake  -f CMakeFiles/cmTC_02a22.dir/build.make CMakeFiles/cmTC_02a22.dir/build
gmake[1]: Entering directory '/home/quinlan/snap/snapd-desktop-integration/14/lab_work/Build/CMakeFiles/CMakeTmp'
Building C object CMakeFiles/cmTC_02a22.dir/src.c.o
/usr/bin/cc -DHAVE_MATH  -w -Wall  -O0 -std=gnu99 -o CMakeFiles/cmTC_02a22.dir/src.c.o -c /home/quinlan/snap/snapd-desktop-integration/current/lab_work/Build/CMakeFiles/CMakeTmp/src.c
Linking C executable cmTC_02a22
/usr/bin/cmake -E cmake_link_script CMakeFiles/cmTC_02a22.dir/link.txt --verbose=1
/usr/bin/cc  -w -Wall  -O0 CMakeFiles/cmTC_02a22.dir/src.c.o -o cmTC_02a22 
/usr/bin/ld: CMakeFiles/cmTC_02a22.dir/src.c.o: in function `main':
src.c:(.text+0x23): undefined reference to `sqrt'
collect2: error: ld returned 1 exit status
gmake[1]: *** [CMakeFiles/cmTC_02a22.dir/build.make:99: cmTC_02a22] Error 1
gmake[1]: Leaving directory '/home/quinlan/snap/snapd-desktop-integration/14/lab_work/Build/CMakeFiles/CMakeTmp'
gmake: *** [Makefile:127: cmTC_02a22/fast] Error 2


Source file was:
#include<math.h>
float f; int main(){sqrt(f);return 0;}
Determining if the include file hostlib.h exists failed with the following output:
Change Dir: /home/quinlan/snap/snapd-desktop-integration/current/lab_work/Build/CMakeFiles/CMakeTmp

Run Build Command(s):/usr/bin/gmake -f Makefile cmTC_36f32/fast && /usr/bin/gmake  -f CMakeFiles/cmTC_36f32.dir/build.make CMakeFiles/cmTC_36f32.dir/build
gmake[1]: Entering directory '/home/quinlan/snap/snapd-desktop-integration/14/lab_work/Build/CMakeFiles/CMakeTmp'
Building C object CMakeFiles/cmTC_36f32.dir/CheckIncludeFile.c.o
/usr/bin/cc   -w -Wall  -O0 -std=gnu99 -o CMakeFiles/cmTC_36f32.dir/CheckIncludeFile.c.o -c /home/quinlan/snap/snapd-desktop-integration/current/lab_work/Build/CMakeFiles/CMakeTmp/CheckIncludeFile.c
/home/quinlan/snap/snapd-desktop-integration/current/lab_work/Build/CMakeFiles/CMakeTmp/CheckIncludeFile.c:1:10: fatal error: hostlib.h: No such file or directory
    1 | #include <hostlib.h>
      |          ^~~~~~~~~~~
compilation terminated.
gmake[1]: *** [CMakeFiles/cmTC_36f32.dir/build.make:78: CMakeFiles/cmTC_36f32.dir/CheckIncludeFile.c.o] Error 1
gmake[1]: Leaving directory '/home/quinlan/snap/snapd-desktop-integration/14/lab_work/Build/CMakeFiles/CMakeTmp'
gmake: *** [Makefile:127: cmTC_36f32/fast] Error 2



Determining if the include file sys/sockio.h exists failed with the following output:
Change Dir: /home/quinlan/snap/snapd-desktop-integration/current/lab_work/Build/CMakeFiles/CMakeTmp

Run Build Command(s):/usr/bin/gmake -f Makefile cmTC_7249a/fast && /usr/bin/gmake  -f CMakeFiles/cmTC_7249a.dir/build.make CMakeFiles/cmTC_7249a.dir/build
gmake[1]: Entering directory '/home/quinlan/snap/snapd-desktop-integration/14/lab_work/Build/CMakeFiles/CMakeTmp'
Building C object CMakeFiles/cmTC_7249a.dir/CheckIncludeFile.c.o
/usr/bin/cc   -w -Wall  -O0 -std=gnu99 -o CMakeFiles/cmTC_7249a.dir/CheckIncludeFile.c.o -c /home/quinlan/snap/snapd-desktop-integration/current/lab_work/Build/CMakeFiles/CMakeTmp/CheckIncludeFile.c
/home/quinlan/snap/snapd-desktop-integration/current/lab_work/Build/CMakeFiles/CMakeTmp/CheckIncludeFile.c:1:10: fatal error: sys/sockio.h: No such file or directory
    1 | #include <sys/sockio.h>
      |          ^~~~~~~~~~~~~~
compilation terminated.
gmake[1]: *** [CMakeFiles/cmTC_7249a.dir/build.make:78: CMakeFiles/cmTC_7249a.dir/CheckIncludeFile.c.o] Error 1
gmake[1]: Leaving directory '/home/quinlan/snap/snapd-desktop-integration/14/lab_work/Build/CMakeFiles/CMakeTmp'
gmake: *** [Makefile:127: cmTC_7249a/fast] Error 2



Performing C SOURCE FILE Test HAVE_FDS_BITS failed with the following output:
Change Dir: /home/quinlan/snap/snapd-desktop-integration/current/lab_work/Build/CMakeFiles/CMakeTmp

Run Build Command(s):/usr/bin/gmake -f Makefile cmTC_3608c/fast && /usr/bin/gmake  -f CMakeFiles/cmTC_3608c.dir/build.make CMakeFiles/cmTC_3608c.dir/build
gmake[1]: Entering directory '/home/quinlan/snap/snapd-desktop-integration/14/lab_work/Build/CMakeFiles/CMakeTmp'
Building C object CMakeFiles/cmTC_3608c.dir/src.c.o
/usr/bin/cc -DHAVE_FDS_BITS  -w -Wall  -O0 -std=gnu99 -o CMakeFiles/cmTC_3608c.dir/src.c.o -c /home/quinlan/snap/snapd-desktop-integration/current/lab_work/Build/CMakeFiles/CMakeTmp/src.c
/home/quinlan/snap/snapd-desktop-integration/current/lab_work/Build/CMakeFiles/CMakeTmp/src.c: In function ‘main’:
/home/quinlan/snap/snapd-desktop-integration/current/lab_work/Build/CMakeFiles/CMakeTmp/src.c:6:36: error: invalid use of undefined type ‘struct fd_set’
    6 |   (void)sizeof(((struct fd_set *)0)->fds_bits);
      |                                    ^~
gmake[1]: *** [CMakeFiles/cmTC_3608c.dir/build.make:78: CMakeFiles/cmTC_3608c.dir/src.c.o] Error 1
gmake[1]: Leaving directory '/home/quinlan/snap/snapd-desktop-integration/14/lab_work/Build/CMakeFiles/CMakeTmp'
gmake: *** [Makefile:127: cmTC_3608c/fast] Error 2


Source file was:

#include <sys/select.h>

int main()
{
  (void)sizeof(((struct fd_set *)0)->fds_bits);
  return 0;
}

The MPI test test_mpi for C in mode normal failed to compile with the following output:
Change Dir: /home/quinlan/snap/snapd-desktop-integration/current/lab_work/Build/CMakeFiles/CMakeTmp

Run Build Command(s):/usr/bin/gmake -f Makefile cmTC_3e091/fast && gmake[1]: Entering directory '/home/quinlan/snap/snapd-desktop-integration/14/lab_work/Build/CMakeFiles/CMakeTmp'
/usr/bin/gmake  -f CMakeFiles/cmTC_3e091.dir/build.make CMakeFiles/cmTC_3e091.dir/build
gmake[2]: Entering directory '/home/quinlan/snap/snapd-desktop-integration/14/lab_work/Build/CMakeFiles/CMakeTmp'
Building C object CMakeFiles/cmTC_3e091.dir/test_mpi.c.o
/usr/bin/cc   -std=gnu99 -o CMakeFiles/cmTC_3e091.dir/test_mpi.c.o -c /usr/share/cmake-3.22/Modules/FindMPI/test_mpi.c
/usr/share/cmake-3.22/Modules/FindMPI/test_mpi.c:1:10: fatal error: mpi.h: No such file or directory
    1 | #include <mpi.h>
      |          ^~~~~~~
compilation terminated.
gmake[2]: *** [CMakeFiles/cmTC_3e091.dir/build.make:78: CMakeFiles/cmTC_3e091.dir/test_mpi.c.o] Error 1
gmake[2]: Leaving directory '/home/quinlan/snap/snapd-desktop-integration/14/lab_work/Build/CMakeFiles/CMakeTmp'
gmake[1]: *** [Makefile:127: cmTC_3e091/fast] Error 2
gmake[1]: Leaving directory '/home/quinlan/snap/snapd-desktop-integration/14/lab_work/Build/CMakeFiles/CMakeTmp'



The MPI test test_mpi for CXX in mode normal failed to compile with the following output:
Change Dir: /home/quinlan/snap/snapd-desktop-integration/current/lab_work/Build/CMakeFiles/CMakeTmp

Run Build Command(s):/usr/bin/gmake -f Makefile cmTC_a1a1e/fast && gmake[1]: Entering directory '/home/quinlan/snap/snapd-desktop-integration/14/lab_work/Build/CMakeFiles/CMakeTmp'
/usr/bin/gmake  -f CMakeFiles/cmTC_a1a1e.dir/build.make CMakeFiles/cmTC_a1a1e.dir/build
gmake[2]: Entering directory '/home/quinlan/snap/snapd-desktop-integration/14/lab_work/Build/CMakeFiles/CMakeTmp'
Building CXX object CMakeFiles/cmTC_a1a1e.dir/test_mpi.cpp.o
/usr/bin/c++   -std=c++11 -o CMakeFiles/cmTC_a1a1e.dir/test_mpi.cpp.o -c /home/quinlan/snap/snapd-desktop-integration/current/lab_work/Build/CMakeFiles/FindMPI/test_mpi.cpp
/home/quinlan/snap/snapd-desktop-integration/current/lab_work/Build/CMakeFiles/FindMPI/test_mpi.cpp:1:10: fatal error: mpi.h: No such file or directory
    1 | #include <mpi.h>
      |          ^~~~~~~
compilation terminated.
gmake[2]: *** [CMakeFiles/cmTC_a1a1e.dir/build.make:78: CMakeFiles/cmTC_a1a1e.dir/test_mpi.cpp.o] Error 1
gmake[2]: Leaving directory '/home/quinlan/snap/snapd-desktop-integration/14/lab_work/Build/CMakeFiles/CMakeTmp'
gmake[1]: *** [Makefile:127: cmTC_a1a1e/fast] Error 2
gmake[1]: Leaving directory '/home/quinlan/snap/snapd-desktop-integration/14/lab_work/Build/CMakeFiles/CMakeTmp'



The MPI test test_mpi for Fortran in mode F77_HEADER failed to compile with the following output:
Change Dir: /home/quinlan/snap/snapd-desktop-integration/current/lab_work/Build/CMakeFiles/CMakeTmp

Run Build Command(s):/usr/bin/gmake -f Makefile cmTC_93a09/fast && gmake[1]: Entering directory '/home/quinlan/snap/snapd-desktop-integration/14/lab_work/Build/CMakeFiles/CMakeTmp'
/usr/bin/gmake  -f CMakeFiles/cmTC_93a09.dir/build.make CMakeFiles/cmTC_93a09.dir/build
gmake[2]: Entering directory '/home/quinlan/snap/snapd-desktop-integration/14/lab_work/Build/CMakeFiles/CMakeTmp'
Building Fortran object CMakeFiles/cmTC_93a09.dir/test_mpi.f90.o
/usr/bin/f95    -c /home/quinlan/snap/snapd-desktop-integration/current/lab_work/Build/CMakeFiles/FindMPI/test_mpi.f90 -o CMakeFiles/cmTC_93a09.dir/test_mpi.f90.o
/home/quinlan/snap/snapd-desktop-integration/current/lab_work/Build/CMakeFiles/FindMPI/test_mpi.f90:3: Error: Can't open included file 'mpif.h'
gmake[2]: *** [CMakeFiles/cmTC_93a09.dir/build.make:78: CMakeFiles/cmTC_93a09.dir/test_mpi.f90.o] Error 1
gmake[2]: Leaving directory '/home/quinlan/snap/snapd-desktop-integration/14/lab_work/Build/CMakeFiles/CMakeTmp'
gmake[1]: *** [Makefile:127: cmTC_93a09/fast] Error 2
gmake[1]: Leaving directory '/home/quinlan/snap/snapd-desktop-integration/14/lab_work/Build/CMakeFiles/CMakeTmp'



The MPI test test_mpi for Fortran in mode F90_MODULE failed to compile with the following output:
Change Dir: /home/quinlan/snap/snapd-desktop-integration/current/lab_work/Build/CMakeFiles/CMakeTmp

Run Build Command(s):/usr/bin/gmake -f Makefile cmTC_1b1ba/fast && gmake[1]: Entering directory '/home/quinlan/snap/snapd-desktop-integration/14/lab_work/Build/CMakeFiles/CMakeTmp'
/usr/bin/gmake  -f CMakeFiles/cmTC_1b1ba.dir/build.make CMakeFiles/cmTC_1b1ba.dir/build
gmake[2]: Entering directory '/home/quinlan/snap/snapd-desktop-integration/14/lab_work/Build/CMakeFiles/CMakeTmp'
Building Fortran object CMakeFiles/cmTC_1b1ba.dir/test_mpi.f90.o
/usr/bin/f95    -c /home/quinlan/snap/snapd-desktop-integration/current/lab_work/Build/CMakeFiles/FindMPI/test_mpi.f90 -o CMakeFiles/cmTC_1b1ba.dir/test_mpi.f90.o
/home/quinlan/snap/snapd-desktop-integration/current/lab_work/Build/CMakeFiles/FindMPI/test_mpi.f90:2:11:

    2 |       use mpi
      |           1
Fatal Error: Cannot open module file ‘mpi.mod’ for reading at (1): No such file or directory
compilation terminated.
gmake[2]: *** [CMakeFiles/cmTC_1b1ba.dir/build.make:78: CMakeFiles/cmTC_1b1ba.dir/test_mpi.f90.o] Error 1
gmake[2]: Leaving directory '/home/quinlan/snap/snapd-desktop-integration/14/lab_work/Build/CMakeFiles/CMakeTmp'
gmake[1]: *** [Makefile:127: cmTC_1b1ba/fast] Error 2
gmake[1]: Leaving directory '/home/quinlan/snap/snapd-desktop-integration/14/lab_work/Build/CMakeFiles/CMakeTmp'



The MPI test test_mpi for Fortran in mode F08_MODULE failed to compile with the following output:
Change Dir: /home/quinlan/snap/snapd-desktop-integration/current/lab_work/Build/CMakeFiles/CMakeTmp

Run Build Command(s):/usr/bin/gmake -f Makefile cmTC_afb33/fast && gmake[1]: Entering directory '/home/quinlan/snap/snapd-desktop-integration/14/lab_work/Build/CMakeFiles/CMakeTmp'
/usr/bin/gmake  -f CMakeFiles/cmTC_afb33.dir/build.make CMakeFiles/cmTC_afb33.dir/build
gmake[2]: Entering directory '/home/quinlan/snap/snapd-desktop-integration/14/lab_work/Build/CMakeFiles/CMakeTmp'
Building Fortran object CMakeFiles/cmTC_afb33.dir/test_mpi.f90.o
/usr/bin/f95    -c /home/quinlan/snap/snapd-desktop-integration/current/lab_work/Build/CMakeFiles/FindMPI/test_mpi.f90 -o CMakeFiles/cmTC_afb33.dir/test_mpi.f90.o
/home/quinlan/snap/snapd-desktop-integration/current/lab_work/Build/CMakeFiles/FindMPI/test_mpi.f90:2:11:

    2 |       use mpi_f08
      |           1
Fatal Error: Cannot open module file ‘mpi_f08.mod’ for reading at (1): No such file or directory
compilation terminated.
gmake[2]: *** [CMakeFiles/cmTC_afb33.dir/build.make:78: CMakeFiles/cmTC_afb33.dir/test_mpi.f90.o] Error 1
gmake[2]: Leaving directory '/home/quinlan/snap/snapd-desktop-integration/14/lab_work/Build/CMakeFiles/CMakeTmp'
gmake[1]: *** [Makefile:127: cmTC_afb33/fast] Error 2
gmake[1]: Leaving directory '/home/quinlan/snap/snapd-desktop-integration/14/lab_work/Build/CMakeFiles/CMakeTmp'



The MPI test test_mpi for Fortran in mode F77_HEADER_NOKIND failed to compile with the following output:
Change Dir: /home/quinlan/snap/snapd-desktop-integration/current/lab_work/Build/CMakeFiles/CMakeTmp

Run Build Command(s):/usr/bin/gmake -f Makefile cmTC_36dc1/fast && gmake[1]: Entering directory '/home/quinlan/snap/snapd-desktop-integration/14/lab_work/Build/CMakeFiles/CMakeTmp'
/usr/bin/gmake  -f CMakeFiles/cmTC_36dc1.dir/build.make CMakeFiles/cmTC_36dc1.dir/build
gmake[2]: Entering directory '/home/quinlan/snap/snapd-desktop-integration/14/lab_work/Build/CMakeFiles/CMakeTmp'
Building Fortran object CMakeFiles/cmTC_36dc1.dir/test_mpi.f90.o
/usr/bin/f95    -c /home/quinlan/snap/snapd-desktop-integration/current/lab_work/Build/CMakeFiles/FindMPI/test_mpi.f90 -o CMakeFiles/cmTC_36dc1.dir/test_mpi.f90.o
/home/quinlan/snap/snapd-desktop-integration/current/lab_work/Build/CMakeFiles/FindMPI/test_mpi.f90:3: Error: Can't open included file 'mpif.h'
gmake[2]: *** [CMakeFiles/cmTC_36dc1.dir/build.make:78: CMakeFiles/cmTC_36dc1.dir/test_mpi.f90.o] Error 1
gmake[2]: Leaving directory '/home/quinlan/snap/snapd-desktop-integration/14/lab_work/Build/CMakeFiles/CMakeTmp'
gmake[1]: *** [Makefile:127: cmTC_36dc1/fast] Error 2
gmake[1]: Leaving directory '/home/quinlan/snap/snapd-desktop-integration/14/lab_work/Build/CMakeFiles/CMakeTmp'



The MPI test test_mpi for C in mode normal failed to compile with the following output:
Change Dir: /home/quinlan/snap/snapd-desktop-integration/current/lab_work/Build/CMakeFiles/CMakeTmp

Run Build Command(s):/usr/bin/gmake -f Makefile cmTC_a7b4c/fast && /usr/bin/gmake  -f CMakeFiles/cmTC_a7b4c.dir/build.make CMakeFiles/cmTC_a7b4c.dir/build
gmake[1]: Entering directory '/home/quinlan/snap/snapd-desktop-integration/14/lab_work/Build/CMakeFiles/CMakeTmp'
Building C object CMakeFiles/cmTC_a7b4c.dir/test_mpi.c.o
/usr/bin/cc   -std=gnu99 -o CMakeFiles/cmTC_a7b4c.dir/test_mpi.c.o -c /usr/share/cmake-3.22/Modules/FindMPI/test_mpi.c
/usr/share/cmake-3.22/Modules/FindMPI/test_mpi.c:1:10: fatal error: mpi.h: No such file or directory
    1 | #include <mpi.h>
      |          ^~~~~~~
compilation terminated.
gmake[1]: *** [CMakeFiles/cmTC_a7b4c.dir/build.make:78: CMakeFiles/cmTC_a7b4c.dir/test_mpi.c.o] Error 1
gmake[1]: Leaving directory '/home/quinlan/snap/snapd-desktop-integration/14/lab_work/Build/CMakeFiles/CMakeTmp'
gmake: *** [Makefile:127: cmTC_a7b4c/fast] Error 2



The MPI test test_mpi for CXX in mode normal failed to compile with the following output:
Change Dir: /home/quinlan/snap/snapd-desktop-integration/current/lab_work/Build/CMakeFiles/CMakeTmp

Run Build Command(s):/usr/bin/gmake -f Makefile cmTC_1fda3/fast && /usr/bin/gmake  -f CMakeFiles/cmTC_1fda3.dir/build.make CMakeFiles/cmTC_1fda3.dir/build
gmake[1]: Entering directory '/home/quinlan/snap/snapd-desktop-integration/14/lab_work/Build/CMakeFiles/CMakeTmp'
Building CXX object CMakeFiles/cmTC_1fda3.dir/test_mpi.cpp.o
/usr/bin/c++   -std=c++11 -o CMakeFiles/cmTC_1fda3.dir/test_mpi.cpp.o -c /home/quinlan/snap/snapd-desktop-integration/current/lab_work/Build/CMakeFiles/FindMPI/test_mpi.cpp
/home/quinlan/snap/snapd-desktop-integration/current/lab_work/Build/CMakeFiles/FindMPI/test_mpi.cpp:1:10: fatal error: mpi.h: No such file or directory
    1 | #include <mpi.h>
      |          ^~~~~~~
compilation terminated.
gmake[1]: *** [CMakeFiles/cmTC_1fda3.dir/build.make:78: CMakeFiles/cmTC_1fda3.dir/test_mpi.cpp.o] Error 1
gmake[1]: Leaving directory '/home/quinlan/snap/snapd-desktop-integration/14/lab_work/Build/CMakeFiles/CMakeTmp'
gmake: *** [Makefile:127: cmTC_1fda3/fast] Error 2



The MPI test test_mpi for Fortran in mode F77_HEADER failed to compile with the following output:
Change Dir: /home/quinlan/snap/snapd-desktop-integration/current/lab_work/Build/CMakeFiles/CMakeTmp

Run Build Command(s):/usr/bin/gmake -f Makefile cmTC_5dd12/fast && /usr/bin/gmake  -f CMakeFiles/cmTC_5dd12.dir/build.make CMakeFiles/cmTC_5dd12.dir/build
gmake[1]: Entering directory '/home/quinlan/snap/snapd-desktop-integration/14/lab_work/Build/CMakeFiles/CMakeTmp'
Building Fortran object CMakeFiles/cmTC_5dd12.dir/test_mpi.f90.o
/usr/bin/f95    -c /home/quinlan/snap/snapd-desktop-integration/current/lab_work/Build/CMakeFiles/FindMPI/test_mpi.f90 -o CMakeFiles/cmTC_5dd12.dir/test_mpi.f90.o
/home/quinlan/snap/snapd-desktop-integration/current/lab_work/Build/CMakeFiles/FindMPI/test_mpi.f90:3: Error: Can't open included file 'mpif.h'
gmake[1]: *** [CMakeFiles/cmTC_5dd12.dir/build.make:78: CMakeFiles/cmTC_5dd12.dir/test_mpi.f90.o] Error 1
gmake[1]: Leaving directory '/home/quinlan/snap/snapd-desktop-integration/14/lab_work/Build/CMakeFiles/CMakeTmp'
gmake: *** [Makefile:127: cmTC_5dd12/fast] Error 2



The MPI test test_mpi for Fortran in mode F90_MODULE failed to compile with the following output:
Change Dir: /home/quinlan/snap/snapd-desktop-integration/current/lab_work/Build/CMakeFiles/CMakeTmp

Run Build Command(s):/usr/bin/gmake -f Makefile cmTC_ba800/fast && /usr/bin/gmake  -f CMakeFiles/cmTC_ba800.dir/build.make CMakeFiles/cmTC_ba800.dir/build
gmake[1]: Entering directory '/home/quinlan/snap/snapd-desktop-integration/14/lab_work/Build/CMakeFiles/CMakeTmp'
Building Fortran object CMakeFiles/cmTC_ba800.dir/test_mpi.f90.o
/usr/bin/f95    -c /home/quinlan/snap/snapd-desktop-integration/current/lab_work/Build/CMakeFiles/FindMPI/test_mpi.f90 -o CMakeFiles/cmTC_ba800.dir/test_mpi.f90.o
/home/quinlan/snap/snapd-desktop-integration/current/lab_work/Build/CMakeFiles/FindMPI/test_mpi.f90:2:11:

    2 |       use mpi
      |           1
Fatal Error: Cannot open module file ‘mpi.mod’ for reading at (1): No such file or directory
compilation terminated.
gmake[1]: *** [CMakeFiles/cmTC_ba800.dir/build.make:78: CMakeFiles/cmTC_ba800.dir/test_mpi.f90.o] Error 1
gmake[1]: Leaving directory '/home/quinlan/snap/snapd-desktop-integration/14/lab_work/Build/CMakeFiles/CMakeTmp'
gmake: *** [Makefile:127: cmTC_ba800/fast] Error 2



The MPI test test_mpi for Fortran in mode F08_MODULE failed to compile with the following output:
Change Dir: /home/quinlan/snap/snapd-desktop-integration/current/lab_work/Build/CMakeFiles/CMakeTmp

Run Build Command(s):/usr/bin/gmake -f Makefile cmTC_3c30f/fast && /usr/bin/gmake  -f CMakeFiles/cmTC_3c30f.dir/build.make CMakeFiles/cmTC_3c30f.dir/build
gmake[1]: Entering directory '/home/quinlan/snap/snapd-desktop-integration/14/lab_work/Build/CMakeFiles/CMakeTmp'
Building Fortran object CMakeFiles/cmTC_3c30f.dir/test_mpi.f90.o
/usr/bin/f95    -c /home/quinlan/snap/snapd-desktop-integration/current/lab_work/Build/CMakeFiles/FindMPI/test_mpi.f90 -o CMakeFiles/cmTC_3c30f.dir/test_mpi.f90.o
/home/quinlan/snap/snapd-desktop-integration/current/lab_work/Build/CMakeFiles/FindMPI/test_mpi.f90:2:11:

    2 |       use mpi_f08
      |           1
Fatal Error: Cannot open module file ‘mpi_f08.mod’ for reading at (1): No such file or directory
compilation terminated.
gmake[1]: *** [CMakeFiles/cmTC_3c30f.dir/build.make:78: CMakeFiles/cmTC_3c30f.dir/test_mpi.f90.o] Error 1
gmake[1]: Leaving directory '/home/quinlan/snap/snapd-desktop-integration/14/lab_work/Build/CMakeFiles/CMakeTmp'
gmake: *** [Makefile:127: cmTC_3c30f/fast] Error 2



The MPI test test_mpi for Fortran in mode F77_HEADER_NOKIND failed to compile with the following output:
Change Dir: /home/quinlan/snap/snapd-desktop-integration/current/lab_work/Build/CMakeFiles/CMakeTmp

Run Build Command(s):/usr/bin/gmake -f Makefile cmTC_844a7/fast && /usr/bin/gmake  -f CMakeFiles/cmTC_844a7.dir/build.make CMakeFiles/cmTC_844a7.dir/build
gmake[1]: Entering directory '/home/quinlan/snap/snapd-desktop-integration/14/lab_work/Build/CMakeFiles/CMakeTmp'
Building Fortran object CMakeFiles/cmTC_844a7.dir/test_mpi.f90.o
/usr/bin/f95    -c /home/quinlan/snap/snapd-desktop-integration/current/lab_work/Build/CMakeFiles/FindMPI/test_mpi.f90 -o CMakeFiles/cmTC_844a7.dir/test_mpi.f90.o
/home/quinlan/snap/snapd-desktop-integration/current/lab_work/Build/CMakeFiles/FindMPI/test_mpi.f90:3: Error: Can't open included file 'mpif.h'
gmake[1]: *** [CMakeFiles/cmTC_844a7.dir/build.make:78: CMakeFiles/cmTC_844a7.dir/test_mpi.f90.o] Error 1
gmake[1]: Leaving directory '/home/quinlan/snap/snapd-desktop-integration/14/lab_work/Build/CMakeFiles/CMakeTmp'
gmake: *** [Makefile:127: cmTC_844a7/fast] Error 2



The MPI test test_mpi for C in mode normal failed to compile with the following output:
Change Dir: /home/quinlan/snap/snapd-desktop-integration/current/lab_work/Build/CMakeFiles/CMakeTmp

Run Build Command(s):/usr/bin/gmake -f Makefile cmTC_97e4f/fast && /usr/bin/gmake  -f CMakeFiles/cmTC_97e4f.dir/build.make CMakeFiles/cmTC_97e4f.dir/build
gmake[1]: Entering directory '/home/quinlan/snap/snapd-desktop-integration/14/lab_work/Build/CMakeFiles/CMakeTmp'
Building C object CMakeFiles/cmTC_97e4f.dir/test_mpi.c.o
/usr/bin/cc   -std=gnu99 -o CMakeFiles/cmTC_97e4f.dir/test_mpi.c.o -c /usr/share/cmake-3.22/Modules/FindMPI/test_mpi.c
/usr/share/cmake-3.22/Modules/FindMPI/test_mpi.c:1:10: fatal error: mpi.h: No such file or directory
    1 | #include <mpi.h>
      |          ^~~~~~~
compilation terminated.
gmake[1]: *** [CMakeFiles/cmTC_97e4f.dir/build.make:78: CMakeFiles/cmTC_97e4f.dir/test_mpi.c.o] Error 1
gmake[1]: Leaving directory '/home/quinlan/snap/snapd-desktop-integration/14/lab_work/Build/CMakeFiles/CMakeTmp'
gmake: *** [Makefile:127: cmTC_97e4f/fast] Error 2



The MPI test test_mpi for CXX in mode normal failed to compile with the following output:
Change Dir: /home/quinlan/snap/snapd-desktop-integration/current/lab_work/Build/CMakeFiles/CMakeTmp

Run Build Command(s):/usr/bin/gmake -f Makefile cmTC_23fe4/fast && /usr/bin/gmake  -f CMakeFiles/cmTC_23fe4.dir/build.make CMakeFiles/cmTC_23fe4.dir/build
gmake[1]: Entering directory '/home/quinlan/snap/snapd-desktop-integration/14/lab_work/Build/CMakeFiles/CMakeTmp'
Building CXX object CMakeFiles/cmTC_23fe4.dir/test_mpi.cpp.o
/usr/bin/c++   -std=c++11 -o CMakeFiles/cmTC_23fe4.dir/test_mpi.cpp.o -c /home/quinlan/snap/snapd-desktop-integration/current/lab_work/Build/CMakeFiles/FindMPI/test_mpi.cpp
/home/quinlan/snap/snapd-desktop-integration/current/lab_work/Build/CMakeFiles/FindMPI/test_mpi.cpp:1:10: fatal error: mpi.h: No such file or directory
    1 | #include <mpi.h>
      |          ^~~~~~~
compilation terminated.
gmake[1]: *** [CMakeFiles/cmTC_23fe4.dir/build.make:78: CMakeFiles/cmTC_23fe4.dir/test_mpi.cpp.o] Error 1
gmake[1]: Leaving directory '/home/quinlan/snap/snapd-desktop-integration/14/lab_work/Build/CMakeFiles/CMakeTmp'
gmake: *** [Makefile:127: cmTC_23fe4/fast] Error 2



The MPI test test_mpi for Fortran in mode F77_HEADER failed to compile with the following output:
Change Dir: /home/quinlan/snap/snapd-desktop-integration/current/lab_work/Build/CMakeFiles/CMakeTmp

Run Build Command(s):/usr/bin/gmake -f Makefile cmTC_38523/fast && /usr/bin/gmake  -f CMakeFiles/cmTC_38523.dir/build.make CMakeFiles/cmTC_38523.dir/build
gmake[1]: Entering directory '/home/quinlan/snap/snapd-desktop-integration/14/lab_work/Build/CMakeFiles/CMakeTmp'
Building Fortran object CMakeFiles/cmTC_38523.dir/test_mpi.f90.o
/usr/bin/f95    -c /home/quinlan/snap/snapd-desktop-integration/current/lab_work/Build/CMakeFiles/FindMPI/test_mpi.f90 -o CMakeFiles/cmTC_38523.dir/test_mpi.f90.o
/home/quinlan/snap/snapd-desktop-integration/current/lab_work/Build/CMakeFiles/FindMPI/test_mpi.f90:3: Error: Can't open included file 'mpif.h'
gmake[1]: *** [CMakeFiles/cmTC_38523.dir/build.make:78: CMakeFiles/cmTC_38523.dir/test_mpi.f90.o] Error 1
gmake[1]: Leaving directory '/home/quinlan/snap/snapd-desktop-integration/14/lab_work/Build/CMakeFiles/CMakeTmp'
gmake: *** [Makefile:127: cmTC_38523/fast] Error 2



The MPI test test_mpi for Fortran in mode F90_MODULE failed to compile with the following output:
Change Dir: /home/quinlan/snap/snapd-desktop-integration/current/lab_work/Build/CMakeFiles/CMakeTmp

Run Build Command(s):/usr/bin/gmake -f Makefile cmTC_ad8c5/fast && /usr/bin/gmake  -f CMakeFiles/cmTC_ad8c5.dir/build.make CMakeFiles/cmTC_ad8c5.dir/build
gmake[1]: Entering directory '/home/quinlan/snap/snapd-desktop-integration/14/lab_work/Build/CMakeFiles/CMakeTmp'
Building Fortran object CMakeFiles/cmTC_ad8c5.dir/test_mpi.f90.o
/usr/bin/f95    -c /home/quinlan/snap/snapd-desktop-integration/current/lab_work/Build/CMakeFiles/FindMPI/test_mpi.f90 -o CMakeFiles/cmTC_ad8c5.dir/test_mpi.f90.o
/home/quinlan/snap/snapd-desktop-integration/current/lab_work/Build/CMakeFiles/FindMPI/test_mpi.f90:2:11:

    2 |       use mpi
      |           1
Fatal Error: Cannot open module file ‘mpi.mod’ for reading at (1): No such file or directory
compilation terminated.
gmake[1]: *** [CMakeFiles/cmTC_ad8c5.dir/build.make:78: CMakeFiles/cmTC_ad8c5.dir/test_mpi.f90.o] Error 1
gmake[1]: Leaving directory '/home/quinlan/snap/snapd-desktop-integration/14/lab_work/Build/CMakeFiles/CMakeTmp'
gmake: *** [Makefile:127: cmTC_ad8c5/fast] Error 2



The MPI test test_mpi for Fortran in mode F08_MODULE failed to compile with the following output:
Change Dir: /home/quinlan/snap/snapd-desktop-integration/current/lab_work/Build/CMakeFiles/CMakeTmp

Run Build Command(s):/usr/bin/gmake -f Makefile cmTC_3aba6/fast && /usr/bin/gmake  -f CMakeFiles/cmTC_3aba6.dir/build.make CMakeFiles/cmTC_3aba6.dir/build
gmake[1]: Entering directory '/home/quinlan/snap/snapd-desktop-integration/14/lab_work/Build/CMakeFiles/CMakeTmp'
Building Fortran object CMakeFiles/cmTC_3aba6.dir/test_mpi.f90.o
/usr/bin/f95    -c /home/quinlan/snap/snapd-desktop-integration/current/lab_work/Build/CMakeFiles/FindMPI/test_mpi.f90 -o CMakeFiles/cmTC_3aba6.dir/test_mpi.f90.o
/home/quinlan/snap/snapd-desktop-integration/current/lab_work/Build/CMakeFiles/FindMPI/test_mpi.f90:2:11:

    2 |       use mpi_f08
      |           1
Fatal Error: Cannot open module file ‘mpi_f08.mod’ for reading at (1): No such file or directory
compilation terminated.
gmake[1]: *** [CMakeFiles/cmTC_3aba6.dir/build.make:78: CMakeFiles/cmTC_3aba6.dir/test_mpi.f90.o] Error 1
gmake[1]: Leaving directory '/home/quinlan/snap/snapd-desktop-integration/14/lab_work/Build/CMakeFiles/CMakeTmp'
gmake: *** [Makefile:127: cmTC_3aba6/fast] Error 2



The MPI test test_mpi for Fortran in mode F77_HEADER_NOKIND failed to compile with the following output:
Change Dir: /home/quinlan/snap/snapd-desktop-integration/current/lab_work/Build/CMakeFiles/CMakeTmp

Run Build Command(s):/usr/bin/gmake -f Makefile cmTC_f44b1/fast && /usr/bin/gmake  -f CMakeFiles/cmTC_f44b1.dir/build.make CMakeFiles/cmTC_f44b1.dir/build
gmake[1]: Entering directory '/home/quinlan/snap/snapd-desktop-integration/14/lab_work/Build/CMakeFiles/CMakeTmp'
Building Fortran object CMakeFiles/cmTC_f44b1.dir/test_mpi.f90.o
/usr/bin/f95    -c /home/quinlan/snap/snapd-desktop-integration/current/lab_work/Build/CMakeFiles/FindMPI/test_mpi.f90 -o CMakeFiles/cmTC_f44b1.dir/test_mpi.f90.o
/home/quinlan/snap/snapd-desktop-integration/current/lab_work/Build/CMakeFiles/FindMPI/test_mpi.f90:3: Error: Can't open included file 'mpif.h'
gmake[1]: *** [CMakeFiles/cmTC_f44b1.dir/build.make:78: CMakeFiles/cmTC_f44b1.dir/test_mpi.f90.o] Error 1
gmake[1]: Leaving directory '/home/quinlan/snap/snapd-desktop-integration/14/lab_work/Build/CMakeFiles/CMakeTmp'
gmake: *** [Makefile:127: cmTC_f44b1/fast] Error 2



The MPI test test_mpi for C in mode normal failed to compile with the following output:
Change Dir: /home/quinlan/snap/snapd-desktop-integration/current/lab_work/Build/CMakeFiles/CMakeTmp

Run Build Command(s):/usr/bin/gmake -f Makefile cmTC_5af4f/fast && gmake[1]: Entering directory '/home/quinlan/snap/snapd-desktop-integration/14/lab_work/Build/CMakeFiles/CMakeTmp'
/usr/bin/gmake  -f CMakeFiles/cmTC_5af4f.dir/build.make CMakeFiles/cmTC_5af4f.dir/build
gmake[2]: Entering directory '/home/quinlan/snap/snapd-desktop-integration/14/lab_work/Build/CMakeFiles/CMakeTmp'
Building C object CMakeFiles/cmTC_5af4f.dir/test_mpi.c.o
/usr/bin/cc   -std=gnu99 -o CMakeFiles/cmTC_5af4f.dir/test_mpi.c.o -c /usr/share/cmake-3.22/Modules/FindMPI/test_mpi.c
/usr/share/cmake-3.22/Modules/FindMPI/test_mpi.c:1:10: fatal error: mpi.h: No such file or directory
    1 | #include <mpi.h>
      |          ^~~~~~~
compilation terminated.
gmake[2]: *** [CMakeFiles/cmTC_5af4f.dir/build.make:78: CMakeFiles/cmTC_5af4f.dir/test_mpi.c.o] Error 1
gmake[2]: Leaving directory '/home/quinlan/snap/snapd-desktop-integration/14/lab_work/Build/CMakeFiles/CMakeTmp'
gmake[1]: *** [Makefile:127: cmTC_5af4f/fast] Error 2
gmake[1]: Leaving directory '/home/quinlan/snap/snapd-desktop-integration/14/lab_work/Build/CMakeFiles/CMakeTmp'



The MPI test test_mpi for CXX in mode normal failed to compile with the following output:
Change Dir: /home/quinlan/snap/snapd-desktop-integration/current/lab_work/Build/CMakeFiles/CMakeTmp

Run Build Command(s):/usr/bin/gmake -f Makefile cmTC_14787/fast && gmake[1]: Entering directory '/home/quinlan/snap/snapd-desktop-integration/14/lab_work/Build/CMakeFiles/CMakeTmp'
/usr/bin/gmake  -f CMakeFiles/cmTC_14787.dir/build.make CMakeFiles/cmTC_14787.dir/build
gmake[2]: Entering directory '/home/quinlan/snap/snapd-desktop-integration/14/lab_work/Build/CMakeFiles/CMakeTmp'
Building CXX object CMakeFiles/cmTC_14787.dir/test_mpi.cpp.o
/usr/bin/c++   -std=c++11 -o CMakeFiles/cmTC_14787.dir/test_mpi.cpp.o -c /home/quinlan/snap/snapd-desktop-integration/current/lab_work/Build/CMakeFiles/FindMPI/test_mpi.cpp
/home/quinlan/snap/snapd-desktop-integration/current/lab_work/Build/CMakeFiles/FindMPI/test_mpi.cpp:1:10: fatal error: mpi.h: No such file or directory
    1 | #include <mpi.h>
      |          ^~~~~~~
compilation terminated.
gmake[2]: *** [CMakeFiles/cmTC_14787.dir/build.make:78: CMakeFiles/cmTC_14787.dir/test_mpi.cpp.o] Error 1
gmake[2]: Leaving directory '/home/quinlan/snap/snapd-desktop-integration/14/lab_work/Build/CMakeFiles/CMakeTmp'
gmake[1]: *** [Makefile:127: cmTC_14787/fast] Error 2
gmake[1]: Leaving directory '/home/quinlan/snap/snapd-desktop-integration/14/lab_work/Build/CMakeFiles/CMakeTmp'



The MPI test test_mpi for Fortran in mode F77_HEADER failed to compile with the following output:
Change Dir: /home/quinlan/snap/snapd-desktop-integration/current/lab_work/Build/CMakeFiles/CMakeTmp

Run Build Command(s):/usr/bin/gmake -f Makefile cmTC_c2d27/fast && gmake[1]: Entering directory '/home/quinlan/snap/snapd-desktop-integration/14/lab_work/Build/CMakeFiles/CMakeTmp'
/usr/bin/gmake  -f CMakeFiles/cmTC_c2d27.dir/build.make CMakeFiles/cmTC_c2d27.dir/build
gmake[2]: Entering directory '/home/quinlan/snap/snapd-desktop-integration/14/lab_work/Build/CMakeFiles/CMakeTmp'
Building Fortran object CMakeFiles/cmTC_c2d27.dir/test_mpi.f90.o
/usr/bin/f95    -c /home/quinlan/snap/snapd-desktop-integration/current/lab_work/Build/CMakeFiles/FindMPI/test_mpi.f90 -o CMakeFiles/cmTC_c2d27.dir/test_mpi.f90.o
/home/quinlan/snap/snapd-desktop-integration/current/lab_work/Build/CMakeFiles/FindMPI/test_mpi.f90:3: Error: Can't open included file 'mpif.h'
gmake[2]: *** [CMakeFiles/cmTC_c2d27.dir/build.make:78: CMakeFiles/cmTC_c2d27.dir/test_mpi.f90.o] Error 1
gmake[2]: Leaving directory '/home/quinlan/snap/snapd-desktop-integration/14/lab_work/Build/CMakeFiles/CMakeTmp'
gmake[1]: *** [Makefile:127: cmTC_c2d27/fast] Error 2
gmake[1]: Leaving directory '/home/quinlan/snap/snapd-desktop-integration/14/lab_work/Build/CMakeFiles/CMakeTmp'



The MPI test test_mpi for Fortran in mode F90_MODULE failed to compile with the following output:
Change Dir: /home/quinlan/snap/snapd-desktop-integration/current/lab_work/Build/CMakeFiles/CMakeTmp

Run Build Command(s):/usr/bin/gmake -f Makefile cmTC_03d4d/fast && gmake[1]: Entering directory '/home/quinlan/snap/snapd-desktop-integration/14/lab_work/Build/CMakeFiles/CMakeTmp'
/usr/bin/gmake  -f CMakeFiles/cmTC_03d4d.dir/build.make CMakeFiles/cmTC_03d4d.dir/build
gmake[2]: Entering directory '/home/quinlan/snap/snapd-desktop-integration/14/lab_work/Build/CMakeFiles/CMakeTmp'
Building Fortran object CMakeFiles/cmTC_03d4d.dir/test_mpi.f90.o
/usr/bin/f95    -c /home/quinlan/snap/snapd-desktop-integration/current/lab_work/Build/CMakeFiles/FindMPI/test_mpi.f90 -o CMakeFiles/cmTC_03d4d.dir/test_mpi.f90.o
/home/quinlan/snap/snapd-desktop-integration/current/lab_work/Build/CMakeFiles/FindMPI/test_mpi.f90:2:11:

    2 |       use mpi
      |           1
Fatal Error: Cannot open module file ‘mpi.mod’ for reading at (1): No such file or directory
compilation terminated.
gmake[2]: *** [CMakeFiles/cmTC_03d4d.dir/build.make:78: CMakeFiles/cmTC_03d4d.dir/test_mpi.f90.o] Error 1
gmake[2]: Leaving directory '/home/quinlan/snap/snapd-desktop-integration/14/lab_work/Build/CMakeFiles/CMakeTmp'
gmake[1]: *** [Makefile:127: cmTC_03d4d/fast] Error 2
gmake[1]: Leaving directory '/home/quinlan/snap/snapd-desktop-integration/14/lab_work/Build/CMakeFiles/CMakeTmp'



The MPI test test_mpi for Fortran in mode F08_MODULE failed to compile with the following output:
Change Dir: /home/quinlan/snap/snapd-desktop-integration/current/lab_work/Build/CMakeFiles/CMakeTmp

Run Build Command(s):/usr/bin/gmake -f Makefile cmTC_c281b/fast && gmake[1]: Entering directory '/home/quinlan/snap/snapd-desktop-integration/14/lab_work/Build/CMakeFiles/CMakeTmp'
/usr/bin/gmake  -f CMakeFiles/cmTC_c281b.dir/build.make CMakeFiles/cmTC_c281b.dir/build
gmake[2]: Entering directory '/home/quinlan/snap/snapd-desktop-integration/14/lab_work/Build/CMakeFiles/CMakeTmp'
Building Fortran object CMakeFiles/cmTC_c281b.dir/test_mpi.f90.o
/usr/bin/f95    -c /home/quinlan/snap/snapd-desktop-integration/current/lab_work/Build/CMakeFiles/FindMPI/test_mpi.f90 -o CMakeFiles/cmTC_c281b.dir/test_mpi.f90.o
/home/quinlan/snap/snapd-desktop-integration/current/lab_work/Build/CMakeFiles/FindMPI/test_mpi.f90:2:11:

    2 |       use mpi_f08
      |           1
Fatal Error: Cannot open module file ‘mpi_f08.mod’ for reading at (1): No such file or directory
compilation terminated.
gmake[2]: *** [CMakeFiles/cmTC_c281b.dir/build.make:78: CMakeFiles/cmTC_c281b.dir/test_mpi.f90.o] Error 1
gmake[2]: Leaving directory '/home/quinlan/snap/snapd-desktop-integration/14/lab_work/Build/CMakeFiles/CMakeTmp'
gmake[1]: *** [Makefile:127: cmTC_c281b/fast] Error 2
gmake[1]: Leaving directory '/home/quinlan/snap/snapd-desktop-integration/14/lab_work/Build/CMakeFiles/CMakeTmp'



The MPI test test_mpi for Fortran in mode F77_HEADER_NOKIND failed to compile with the following output:
Change Dir: /home/quinlan/snap/snapd-desktop-integration/current/lab_work/Build/CMakeFiles/CMakeTmp

Run Build Command(s):/usr/bin/gmake -f Makefile cmTC_08b57/fast && gmake[1]: Entering directory '/home/quinlan/snap/snapd-desktop-integration/14/lab_work/Build/CMakeFiles/CMakeTmp'
/usr/bin/gmake  -f CMakeFiles/cmTC_08b57.dir/build.make CMakeFiles/cmTC_08b57.dir/build
gmake[2]: Entering directory '/home/quinlan/snap/snapd-desktop-integration/14/lab_work/Build/CMakeFiles/CMakeTmp'
Building Fortran object CMakeFiles/cmTC_08b57.dir/test_mpi.f90.o
/usr/bin/f95    -c /home/quinlan/snap/snapd-desktop-integration/current/lab_work/Build/CMakeFiles/FindMPI/test_mpi.f90 -o CMakeFiles/cmTC_08b57.dir/test_mpi.f90.o
/home/quinlan/snap/snapd-desktop-integration/current/lab_work/Build/CMakeFiles/FindMPI/test_mpi.f90:3: Error: Can't open included file 'mpif.h'
gmake[2]: *** [CMakeFiles/cmTC_08b57.dir/build.make:78: CMakeFiles/cmTC_08b57.dir/test_mpi.f90.o] Error 1
gmake[2]: Leaving directory '/home/quinlan/snap/snapd-desktop-integration/14/lab_work/Build/CMakeFiles/CMakeTmp'
gmake[1]: *** [Makefile:127: cmTC_08b57/fast] Error 2
gmake[1]: Leaving directory '/home/quinlan/snap/snapd-desktop-integration/14/lab_work/Build/CMakeFiles/CMakeTmp'



